<!DOCTYPE html PUBLIC "-//W3C//DTD XHTML 1.1//EN" "http://www.w3.org/TR/xhtml11/DTD/xhtml11.dtd">
<html xmlns="http://www.w3.org/1999/xhtml">
<head>
<meta http-equiv="content-type" content="text/html; charset=UTF-8"/>
<title>TestNG Report</title>
<style type="text/css">table {margin-bottom:10px;border-collapse:collapse;empty-cells:show}th,td {border:1px solid #009;padding:.25em .5em}th {vertical-align:bottom}td {vertical-align:top}table a {font-weight:bold}.stripe td {background-color: #E6EBF9}.num {text-align:right}.passedodd td {background-color: #3F3}.passedeven td {background-color: #0A0}.skippedodd td {background-color: #DDD}.skippedeven td {background-color: #CCC}.failedodd td,.attn {background-color: #F33}.failedeven td,.stripe .attn {background-color: #D00}.stacktrace {white-space:pre;font-family:monospace}.totop {font-size:85%;text-align:center;border-bottom:2px solid #000}.invisible {display:none}</style>
</head>
<body>
<table>
<tr><th>Test</th><th># Passed</th><th># Skipped</th><th># Retried</th><th># Failed</th><th>Time (ms)</th><th>Included Groups</th><th>Excluded Groups</th></tr>
<tr><th colspan="7">Portfolio Suite (0)</th></tr>
<tr><td><a href="#t0">Create Portfolio-Create New Portfolio-pos-IT.-1</a></td><td class="num">0</td><td class="num attn">1</td><td class="num">0</td><td class="num">0</td><td class="num">20,245</td><td></td><td></td></tr>
<tr class="stripe"><td><a href="#t1">Create Portfolio-Create New Portfolio-pos-IT.-2</a></td><td class="num">0</td><td class="num attn">1</td><td class="num">0</td><td class="num">0</td><td class="num">22</td><td></td><td></td></tr>
<tr><th colspan="7">Portfolio Suite</th></tr>
<tr><td><a href="#t2">Create Portfolio-Create New Portfolio-pos-IT.-1</a></td><td class="num">0</td><td class="num">0</td><td class="num">0</td><td class="num attn">1</td><td class="num">91,258</td><td></td><td></td></tr>
<tr class="stripe"><td><a href="#t3">Create Portfolio-Create New Portfolio-pos-IT.-2</a></td><td class="num">0</td><td class="num attn">1</td><td class="num">0</td><td class="num">0</td><td class="num">31</td><td></td><td></td></tr>
<tr><th>Total</th><th class="num">0</th><th class="num attn">3</th><th class="num">0</th><th class="num attn">1</th><th class="num">111,556</th><th colspan="2"></th></tr>
</table>
<table id='summary'><thead><tr><th>Class</th><th>Method</th><th>Start</th><th>Time (ms)</th></tr></thead><tbody><tr><th colspan="4">Portfolio Suite (0)</th></tr></tbody><tbody id="t0"><tr><th colspan="4">Create Portfolio-Create New Portfolio-pos-IT.-1 &#8212; failed (configuration methods)</th></tr><tr class="failedeven"><td rowspan="1">testcases.rediff.PortfolioManagement</td><td><a href="#m0">beforeTest</a></td><td rowspan="1">1615646778583</td><td rowspan="1">20164</td></tr><tr><th colspan="4">Create Portfolio-Create New Portfolio-pos-IT.-1 &#8212; skipped</th></tr><tr class="skippedeven"><td rowspan="1">testcases.rediff.PortfolioManagement</td><td><a href="#m1">createPortfolio</a></td><td rowspan="1">1615646798750</td><td rowspan="1">0</td></tr></tbody>
<tbody id="t1"><tr><th colspan="4">Create Portfolio-Create New Portfolio-pos-IT.-2 &#8212; skipped (configuration methods)</th></tr><tr class="skippedeven"><td rowspan="1">testcases.rediff.PortfolioManagement</td><td><a href="#m2">beforeTest</a></td><td rowspan="1">1615646798971</td><td rowspan="1">2</td></tr><tr><th colspan="4">Create Portfolio-Create New Portfolio-pos-IT.-2 &#8212; skipped</th></tr><tr class="skippedeven"><td rowspan="1">testcases.rediff.PortfolioManagement</td><td><a href="#m3">createPortfolio</a></td><td rowspan="1">1615646798975</td><td rowspan="1">0</td></tr></tbody>
<tbody><tr><th colspan="4">Portfolio Suite</th></tr></tbody><tbody id="t2"><tr><th colspan="4">Create Portfolio-Create New Portfolio-pos-IT.-1 &#8212; failed</th></tr><tr class="failedeven"><td rowspan="1">testcases.rediff.PortfolioManagement</td><td><a href="#m4">createPortfolio</a></td><td rowspan="1">1615646755921</td><td rowspan="1">13691</td></tr></tbody>
<tbody id="t3"><tr><th colspan="4">Create Portfolio-Create New Portfolio-pos-IT.-2 &#8212; skipped (configuration methods)</th></tr><tr class="skippedeven"><td rowspan="1">testcases.rediff.PortfolioManagement</td><td><a href="#m5">beforeTest</a></td><td rowspan="1">1615646778532</td><td rowspan="1">3</td></tr><tr><th colspan="4">Create Portfolio-Create New Portfolio-pos-IT.-2 &#8212; skipped</th></tr><tr class="skippedeven"><td rowspan="1">testcases.rediff.PortfolioManagement</td><td><a href="#m6">createPortfolio</a></td><td rowspan="1">1615646778547</td><td rowspan="1">0</td></tr></tbody>
</table>
<h2>Create Portfolio-Create New Portfolio-pos-IT.-1</h2><h3 id="m0">testcases.rediff.PortfolioManagement#beforeTest</h3><table class="result"><tr class="param"><th>Parameter #1</th></tr><tr class="param stripe"><td>org.testng.TestRunner@2cd2c8fe</td></tr><tr><th>Exception</th></tr><tr><td><div class="stacktrace">org.openqa.selenium.WebDriverException: Timed out waiting for driver server to start.
Build info: version: &apos;4.0.0-alpha-7&apos;, revision: &apos;de8579b6d5&apos;
System info: host: &apos;DESKTOP-B0PUHGH&apos;, ip: &apos;192.168.1.15&apos;, os.name: &apos;Windows 10&apos;, os.arch: &apos;amd64&apos;, os.version: &apos;10.0&apos;, java.version: &apos;1.8.0_201&apos;
Driver info: driver.version: ChromeDriver
	at org.openqa.selenium.remote.service.DriverService.start(DriverService.java:210)
	at org.openqa.selenium.remote.service.DriverCommandExecutor.execute(DriverCommandExecutor.java:83)
	at org.openqa.selenium.remote.RemoteWebDriver.execute(RemoteWebDriver.java:501)
	at org.openqa.selenium.remote.RemoteWebDriver.startSession(RemoteWebDriver.java:207)
	at org.openqa.selenium.remote.RemoteWebDriver.&lt;init&gt;(RemoteWebDriver.java:127)
	at org.openqa.selenium.chromium.ChromiumDriver.&lt;init&gt;(ChromiumDriver.java:93)
	at org.openqa.selenium.chrome.ChromeDriver.&lt;init&gt;(ChromeDriver.java:163)
	at org.openqa.selenium.chrome.ChromeDriver.&lt;init&gt;(ChromeDriver.java:150)
	at org.openqa.selenium.chrome.ChromeDriver.&lt;init&gt;(ChromeDriver.java:105)
	at keywords.GenericKeywords.openBrowser(GenericKeywords.java:41)
	at testbase.BaseTest.beforeTest(BaseTest.java:65)
	at runner.TestNGRunner.run(TestNGRunner.java:82)
	at runner.JSONRunner.main(JSONRunner.java:119)
Caused by: java.util.concurrent.ExecutionException: org.openqa.selenium.WebDriverException: java.lang.InterruptedException: Process timed out after waiting for 20000 ms.
Build info: version: &apos;4.0.0-alpha-7&apos;, revision: &apos;de8579b6d5&apos;
System info: host: &apos;DESKTOP-B0PUHGH&apos;, ip: &apos;192.168.1.15&apos;, os.name: &apos;Windows 10&apos;, os.arch: &apos;amd64&apos;, os.version: &apos;10.0&apos;, java.version: &apos;1.8.0_201&apos;
Driver info: driver.version: unknown
	at java.util.concurrent.CompletableFuture.reportGet(Unknown Source)
	at java.util.concurrent.CompletableFuture.get(Unknown Source)
	at org.openqa.selenium.remote.service.DriverService.start(DriverService.java:204)
	... 33 more
Caused by: org.openqa.selenium.WebDriverException: java.lang.InterruptedException: Process timed out after waiting for 20000 ms.
Build info: version: &apos;4.0.0-alpha-7&apos;, revision: &apos;de8579b6d5&apos;
System info: host: &apos;DESKTOP-B0PUHGH&apos;, ip: &apos;192.168.1.15&apos;, os.name: &apos;Windows 10&apos;, os.arch: &apos;amd64&apos;, os.version: &apos;10.0&apos;, java.version: &apos;1.8.0_201&apos;
Driver info: driver.version: unknown
	at org.openqa.selenium.os.CommandLine.waitFor(CommandLine.java:130)
	at org.openqa.selenium.remote.service.DriverService.lambda$start$1(DriverService.java:198)
	at java.util.concurrent.CompletableFuture$AsyncSupply.run(Unknown Source)
	at java.util.concurrent.CompletableFuture$AsyncSupply.exec(Unknown Source)
	at java.util.concurrent.ForkJoinTask.doExec(Unknown Source)
	at java.util.concurrent.ForkJoinPool$WorkQueue.runTask(Unknown Source)
	at java.util.concurrent.ForkJoinPool.runWorker(Unknown Source)
	at java.util.concurrent.ForkJoinWorkerThread.run(Unknown Source)
Caused by: java.lang.InterruptedException: Process timed out after waiting for 20000 ms.
	at org.openqa.selenium.os.OsProcess.waitFor(OsProcess.java:174)
	at org.openqa.selenium.os.CommandLine.waitFor(CommandLine.java:127)
	... 7 more
... Removed 21 stack frames</div></td></tr></table><p class="totop"><a href="#summary">back to summary</a></p>
<h3 id="m1">testcases.rediff.PortfolioManagement#createPortfolio</h3><table class="result"><tr><th>Exception</th></tr><tr><td><div class="stacktrace">org.openqa.selenium.WebDriverException: Timed out waiting for driver server to start.
Build info: version: &apos;4.0.0-alpha-7&apos;, revision: &apos;de8579b6d5&apos;
System info: host: &apos;DESKTOP-B0PUHGH&apos;, ip: &apos;192.168.1.15&apos;, os.name: &apos;Windows 10&apos;, os.arch: &apos;amd64&apos;, os.version: &apos;10.0&apos;, java.version: &apos;1.8.0_201&apos;
Driver info: driver.version: ChromeDriver
	at org.openqa.selenium.remote.service.DriverService.start(DriverService.java:210)
	at org.openqa.selenium.remote.service.DriverCommandExecutor.execute(DriverCommandExecutor.java:83)
	at org.openqa.selenium.remote.RemoteWebDriver.execute(RemoteWebDriver.java:501)
	at org.openqa.selenium.remote.RemoteWebDriver.startSession(RemoteWebDriver.java:207)
	at org.openqa.selenium.remote.RemoteWebDriver.&lt;init&gt;(RemoteWebDriver.java:127)
	at org.openqa.selenium.chromium.ChromiumDriver.&lt;init&gt;(ChromiumDriver.java:93)
	at org.openqa.selenium.chrome.ChromeDriver.&lt;init&gt;(ChromeDriver.java:163)
	at org.openqa.selenium.chrome.ChromeDriver.&lt;init&gt;(ChromeDriver.java:150)
	at org.openqa.selenium.chrome.ChromeDriver.&lt;init&gt;(ChromeDriver.java:105)
	at keywords.GenericKeywords.openBrowser(GenericKeywords.java:41)
	at testbase.BaseTest.beforeTest(BaseTest.java:65)
	at runner.TestNGRunner.run(TestNGRunner.java:82)
	at runner.JSONRunner.main(JSONRunner.java:119)
Caused by: java.util.concurrent.ExecutionException: org.openqa.selenium.WebDriverException: java.lang.InterruptedException: Process timed out after waiting for 20000 ms.
Build info: version: &apos;4.0.0-alpha-7&apos;, revision: &apos;de8579b6d5&apos;
System info: host: &apos;DESKTOP-B0PUHGH&apos;, ip: &apos;192.168.1.15&apos;, os.name: &apos;Windows 10&apos;, os.arch: &apos;amd64&apos;, os.version: &apos;10.0&apos;, java.version: &apos;1.8.0_201&apos;
Driver info: driver.version: unknown
	at java.util.concurrent.CompletableFuture.reportGet(Unknown Source)
	at java.util.concurrent.CompletableFuture.get(Unknown Source)
	at org.openqa.selenium.remote.service.DriverService.start(DriverService.java:204)
	... 33 more
Caused by: org.openqa.selenium.WebDriverException: java.lang.InterruptedException: Process timed out after waiting for 20000 ms.
Build info: version: &apos;4.0.0-alpha-7&apos;, revision: &apos;de8579b6d5&apos;
System info: host: &apos;DESKTOP-B0PUHGH&apos;, ip: &apos;192.168.1.15&apos;, os.name: &apos;Windows 10&apos;, os.arch: &apos;amd64&apos;, os.version: &apos;10.0&apos;, java.version: &apos;1.8.0_201&apos;
Driver info: driver.version: unknown
	at org.openqa.selenium.os.CommandLine.waitFor(CommandLine.java:130)
	at org.openqa.selenium.remote.service.DriverService.lambda$start$1(DriverService.java:198)
	at java.util.concurrent.CompletableFuture$AsyncSupply.run(Unknown Source)
	at java.util.concurrent.CompletableFuture$AsyncSupply.exec(Unknown Source)
	at java.util.concurrent.ForkJoinTask.doExec(Unknown Source)
	at java.util.concurrent.ForkJoinPool$WorkQueue.runTask(Unknown Source)
	at java.util.concurrent.ForkJoinPool.runWorker(Unknown Source)
	at java.util.concurrent.ForkJoinWorkerThread.run(Unknown Source)
Caused by: java.lang.InterruptedException: Process timed out after waiting for 20000 ms.
	at org.openqa.selenium.os.OsProcess.waitFor(OsProcess.java:174)
	at org.openqa.selenium.os.CommandLine.waitFor(CommandLine.java:127)
	... 7 more
... Removed 21 stack frames</div></td></tr></table><p class="totop"><a href="#summary">back to summary</a></p>
<h2>Create Portfolio-Create New Portfolio-pos-IT.-2</h2><h3 id="m2">testcases.rediff.PortfolioManagement#beforeTest</h3><table class="result"><tr class="param"><th>Parameter #1</th></tr><tr class="param stripe"><td>org.testng.TestRunner@2a492f2a</td></tr><tr><th>Exception</th></tr><tr><td><div class="stacktrace">org.testng.SkipException: Skipping as runmode is N
	at testbase.BaseTest.beforeTest(BaseTest.java:59)
	at runner.TestNGRunner.run(TestNGRunner.java:82)
	at runner.JSONRunner.main(JSONRunner.java:119)
... Removed 21 stack frames</div></td></tr></table><p class="totop"><a href="#summary">back to summary</a></p>
<h3 id="m3">testcases.rediff.PortfolioManagement#createPortfolio</h3><table class="result"><tr><th>Exception</th></tr><tr><td><div class="stacktrace">org.testng.SkipException: Skipping as runmode is N
	at testbase.BaseTest.beforeTest(BaseTest.java:59)
	at runner.TestNGRunner.run(TestNGRunner.java:82)
	at runner.JSONRunner.main(JSONRunner.java:119)
... Removed 21 stack frames</div></td></tr></table><p class="totop"><a href="#summary">back to summary</a></p>
<h2>Create Portfolio-Create New Portfolio-pos-IT.-1</h2><h3 id="m4">testcases.rediff.PortfolioManagement#createPortfolio</h3><table class="result"><tr class="param"><th>Parameter #1</th></tr><tr class="param stripe"><td>org.testng.TestRunner@45e37a7e</td></tr><tr><th>Exception</th></tr><tr><td><div class="stacktrace">java.lang.AssertionError: The following asserts failed:
	Option Folio1000 not present in Drop down portfolioid_dropdown_id
	at keywords.GenericKeywords.assertAll(GenericKeywords.java:217)
	at keywords.GenericKeywords.reportFailure(GenericKeywords.java:212)
	at keywords.ValidationKeywords.validateSelectedValueInDropDown(ValidationKeywords.java:42)
	at testcases.rediff.PortfolioManagement.createPortfolio(PortfolioManagement.java:27)
	at java.util.ArrayList.forEach(Unknown Source)
	at runner.TestNGRunner.run(TestNGRunner.java:82)
	at runner.JSONRunner.main(JSONRunner.java:119)
... Removed 26 stack frames</div></td></tr></table><p class="totop"><a href="#summary">back to summary</a></p>
<h2>Create Portfolio-Create New Portfolio-pos-IT.-2</h2><h3 id="m5">testcases.rediff.PortfolioManagement#beforeTest</h3><table class="result"><tr class="param"><th>Parameter #1</th></tr><tr class="param stripe"><td>org.testng.TestRunner@548e76f1</td></tr><tr><th>Exception</th></tr><tr><td><div class="stacktrace">org.testng.SkipException: Skipping as runmode is N
	at testbase.BaseTest.beforeTest(BaseTest.java:59)
	at runner.TestNGRunner.run(TestNGRunner.java:82)
	at runner.JSONRunner.main(JSONRunner.java:119)
... Removed 21 stack frames</div></td></tr></table><p class="totop"><a href="#summary">back to summary</a></p>
<h3 id="m6">testcases.rediff.PortfolioManagement#createPortfolio</h3><table class="result"><tr><th>Exception</th></tr><tr><td><div class="stacktrace">org.testng.SkipException: Skipping as runmode is N
	at testbase.BaseTest.beforeTest(BaseTest.java:59)
	at runner.TestNGRunner.run(TestNGRunner.java:82)
	at runner.JSONRunner.main(JSONRunner.java:119)
... Removed 21 stack frames</div></td></tr></table><p class="totop"><a href="#summary">back to summary</a></p>
</body>
</html>
